     1                                 %line 1+1 src/assembly/x86_64/64_bit/linux/Saboteur.asm
     2                                 
     3                                 
     4                                 
     5                                 
     6                                 
     7                                 
     8                                 
     9                                 
    10                                 
    11                                 
    12                                 
    13                                 
    14                                 
    15                                 
    16                                 
    17                                 
    18                                 
    19                                 
    20                                 
    21                                 
    22                                 
    23                                 
    24                                 
    25                                 
    26                                 
    27                                 
    28                                 
    29                                 
    30                                 
    31                                 
    32                                 
    33                                 
    34                                 
    35                                 
    36                                 
    37                                 
    38                                 
    39                                 
    40                                 
    41                                 
    42                                 
    43                                 
    44                                 
    45                                 [section .data]
    46                                 
    47                                 
    48                                 
    49                                 
    50                                  EINVAL equ 0x40000016
    51                                 
    52                                 
    53                                 
    54                                 
    55                                  SUCCESS equ 0x00000000
    56                                 
    57                                 
    58                                 
    59                                 
    60                                  STDOUT equ 1
    61                                 
    62                                 
    63                                 
    64                                 
    65                                  PAGE_SIZE equ 4096
    66                                 
    67                                 
    68                                 
    69                                 
    70                                  WRITE equ 1
    71                                  MMAP equ 9
    72                                  CLONE equ 56
    73                                  EXIT equ 60
    74                                  _WAIT equ 61
    75                                  PTRACE equ 101
    76                                 
    77                                 
    78                                 
    79                                 PTRACE_SYSCALL equ 24
    80                                  PTRACE_SEIZE equ 0x4206
    81                                 
    82                                 
    83                                 
    84                                 
    85                                  PROT_EXEC equ 0x01
    86                                  PROT_WRITE equ 0x02
    87                                  PROT_READ equ 0x04
    88                                  MAP_SHARED equ 0x0010
    89                                  MAP_PRIVATE equ 0x0002
    90                                  MAP_ANON equ 0x0020
    91                                 
    92                                 
    93                                 
    94                                 
    95                                  CSIGNAL equ 0x000000ff
    96                                  CLONE_VM equ 0x00000100
    97                                  CLONE_FS equ 0x00000200
    98                                  CLONE_FILES equ 0x00000400
    99                                  CLONE_SIGHAND equ 0x00000800
   100                                  CLONE_PIDFD equ 0x00001000
   101                                  CLONE_PTRACE equ 0x00002000
   102                                  CLONE_VFORK equ 0x00004000
   103                                  CLONE_PARENT equ 0x00008000
   104                                  CLONE_THREAD equ 0x00010000
   105                                  CLONE_NEWNS equ 0x00020000
   106                                  CLONE_SYSVSEM equ 0x00040000
   107                                  CLONE_SETTLS equ 0x00080000
   108                                  CLONE_PARENT_SETTID equ 0x00100000
   109                                  CLONE_CHILD_CLEARTID equ 0x00200000
   110                                  CLONE_DETACHED equ 0x00400000
   111                                  CLONE_UNTRACED equ 0x00800000
   112                                  CLONE_CHILD_SETTID equ 0x01000000
   113                                  CLONE_NEWCGROUP equ 0x02000000
   114                                  CLONE_NEWUTS equ 0x04000000
   115                                  CLONE_NEWIPC equ 0x08000000
   116                                  CLONE_NEWUSER equ 0x10000000
   117                                  CLONE_NEWPID equ 0x20000000
   118                                  CLONE_NEWNET equ 0x40000000
   119                                  CLONE_IO equ 0x80000000
   120                                 
   121                                 
   122                                 
   123                                 
   124                                  SIGURG equ 16
   125                                  SIGSTOP equ 17
   126                                  SIGTSTP equ 18
   127                                  SIGCONT equ 19
   128                                  SIGCHLD equ 20
   129                                  SIGTTIN equ 21
   130                                  SIGTTOU equ 22
   131                                  SIGPOLL equ 23
   132                                  SIGXCPU equ 24
   133                                  SIGVTALRM equ 26
   134                                  SIGPROF equ 27
   135                                  SIGXFSZ equ 25
   136                                  SIGUSR1 equ 30
   137                                  SIGUSR2 equ 31
   138                                 
   139                                  CREATED equ 0x0000000000000801
   140                                  WAITING equ 0x0000000000000803
   141                                  STARTED equ 0x0000000000000805
   142                                  TERMINATED equ 0x0000000000000809
   143                                  TERMINATE equ 0x0000000000000811
   144                                  SUSPENDED equ 0x0000000000000821
   145                                  RESUMING equ 0x0000000000000841
   146                                  SWAPPING equ 0x0000000000000881
   147                                  SELF_SWAP equ 0x0000000000000901
   148                                  SELF_SUSPEND equ 0x0000000000000a01
   149                                  SUICIDE equ 0x0000000000000c09
   150                                  ATTACHED equ 0x0000000000000801
   151                                 
   152                                 
   153                                 
   154                                 
   155                                  LF equ 0x0a
   156                                  NULL equ 0x00
   157                                 
   158                                 
   159                                 
   160                                 
   161                                  NO_EXECUTION_ADDRESS_LENGTH equ 46
   162                                  NO_STACK_ADDRESS_LENGTH equ 42
   163                                  CLONE_FAILED_LENGTH equ 28
   164                                 
   165                                 
   166                                 
   167                                 
   168 00000000 436C6F6E6520457272-     NO_EXECUTION_ADDRESS db 'Clone Error: No execution address specified.' , LF, NULL
   169 00000000 6F723A204E6F206578-
   170 00000000 65637574696F6E2061-
   171 00000000 646472657373207370-
   172 00000000 656369666965642E0A-
   173 00000000 00                 
   174 0000002E 436C6F6E6520457272-     NO_STACK_ADDRESS db 'Clone Error: No stack address specified.' , LF, NULL
   175 0000002E 6F723A204E6F207374-
   176 0000002E 61636B206164647265-
   177 0000002E 737320737065636966-
   178 0000002E 6965642E0A00       
   179 00000058 436C6F6E6520457272-     CLONE_FAILED db 'Clone Error: Clone failed.' , LF, NULL
   180 00000058 6F723A20436C6F6E65-
   181 00000058 206661696C65642E0A-
   182 00000058 00                 
   183                                 
   184                                 
   185                                 
   186                                 
   187                                 [section .text]
   188                                 [global Lifecycle]
   189                                 Lifecycle:
   190                                 
   191                                 
   192                                 
   193                                 
   194 00000000 53                      push rbx
   195 00000001 4889FB                  mov rbx, rdi
   196                                 
   197                                 
   198                                 
   199                                 
   200 00000004 4831FF                  xor rdi, rdi
   201 00000007 48C7C600100000          mov rsi, PAGE_SIZE
   202 0000000E 4831D2                  xor rdx, rdx
   203 00000011 4883CA04                or rdx, PROT_READ
   204 00000015 4883CA02                or rdx, PROT_WRITE
   205 00000019 4D31D2                  xor r10, r10
   206 0000001C 4983CA02                or r10, MAP_PRIVATE
   207 00000020 4983CA20                or r10, MAP_ANON
   208 00000024 49C7C0FFFFFFFF          mov r8 , -1
   209 0000002B 49C7C100000000          mov r9 , 0
   210 00000032 48C7C009000000          mov rax, MMAP
   211 00000039 0F05                    syscall
   212                                 
   213                                 
   214                                 
   215                                 
   216 0000003B 48894310                mov qword[rbx + 16], rax
   217 0000003F 48C70000000000          mov qword[rax] , 0
   218 00000046 4883C008                add rax , 8
   219 0000004A 488918                  mov qword[rax] , rbx
   220 0000004D 4883C008                add rax , 8
   221 00000051 488B4B20                mov rcx , qword[rbx + 32]
   222 00000055 488908                  mov qword[rax] , rcx
   223 00000058 4883E810                sub rax , 16
   224                                 
   225                                 
   226                                 
   227                                 
   228 0000005C 4831FF                  xor rdi, rdi
   229 0000005F 4881CF00001000          or rdi, CLONE_PARENT_SETTID
   230 00000066 4881CF00800000          or rdi, CLONE_PARENT
   231 0000006D 4881CF00010000          or rdi, CLONE_VM
   232 00000074 4881CF00080000          or rdi, CLONE_SIGHAND
   233 0000007B 4881CF00040000          or rdi, CLONE_FILES
   234 00000082 4881CF00020000          or rdi, CLONE_FS
   235 00000089 4881CF00000080          or rdi, CLONE_IO
   236                                 
   237                                 
   238                                 
   239                                 
   240 00000090 4889C6                  mov rsi, rax
   241 00000093 4831C9                  xor rcx, rcx
   242 00000096 4831D2                  xor rdx, rdx
   243 00000099 4D31D2                  xor r10, r10
   244 0000009C 4D31C0                  xor r8 , r8
   245 0000009F 48C7C038000000          mov rax, CLONE
   246 000000A6 0F05                    syscall
   247 000000A8 7C53                    jl clone_failure
   248 000000AA 7473                    jz thread_execute
   249 000000AC 488903                  mov qword[rbx], rax
   250                                 
   251                                 
   252                                 
   253                                 
   254 000000AF 4831D2                  xor rdx, rdx
   255 000000B2 4831C9                  xor rcx, rcx
   256 000000B5 4D31D2                  xor r10, r10
   257 000000B8 4889C6                  mov rsi, rax
   258 000000BB 48C7C706420000          mov rdi, PTRACE_SEIZE
   259 000000C2 48C7C065000000          mov rax, PTRACE
   260 000000C9 0F05                    syscall
   261                                 
   262                                 
   263                                 
   264                                 
   265 000000CB 4831F6                  xor rsi, rsi
   266 000000CE 4831D2                  xor rdx, rdx
   267 000000D1 4831C9                  xor rcx, rcx
   268 000000D4 488B3B                  mov rdi, qword[rbx]
   269 000000D7 48C7C03D000000          mov rax, _WAIT
   270 000000DE 0F05                    syscall
   271 000000E0 C3                      ret
   272                                 
   273                                 
   274                                 
   275                                 
   276 000000E1 4831D2                  xor rdx, rdx
   277 000000E4 4831C9                  xor rcx, rcx
   278 000000E7 4D31D2                  xor r10, r10
   279 000000EA 488B33                  mov rsi, qword[rbx]
   280 000000ED 48C7C706420000          mov rdi, PTRACE_SEIZE
   281 000000F4 48C7C065000000          mov rax, PTRACE
   282 000000FB 0F05                    syscall
   283                                 
   284                                 
   285                                 
   286                                 
   287 000000FD 5B                      pop rbx
   288 000000FE C3                      ret
   289                                 
   290                                 
   291                                 
   292                                 
   293                                 clone_failure:
   294                                 
   295                                 
   296                                 
   297                                 
   298 000000FF 50                      push rax
   299 00000100 48C7C001000000          mov rax, WRITE
   300 00000107 48C7C301000000          mov rbx, STDOUT
   301 0000010E 48C7C1[00000000]        mov rcx, NO_STACK_ADDRESS
   302 00000115 48C7C22A000000          mov rdx, NO_STACK_ADDRESS_LENGTH
   303 0000011C 0F05                    syscall
   304 0000011E 58                      pop rax
   305 0000011F 5B                      pop rbx
   306 00000120 C3                      ret
   307                                 
   308                                 
   309                                 
   310                                 
   311                                 thread_execute:
   312                                 
   313                                 
   314                                 
   315                                 
   316 00000121 4889EB                  mov rbx, rbp
   317 00000124 4883C310                add rbx, 16
   318                                 
   319                                 
   320                                 
   321                                 
   322 00000128 4831D2                  xor rdx, rdx
   323 0000012B 4831C9                  xor rcx, rcx
   324 0000012E 4D31D2                  xor r10, r10
   325 00000131 4831F6                  xor rsi, rsi
   326 00000134 48C7C718000000          mov rdi, PTRACE_SYSCALL
   327 0000013B 48C7C065000000          mov rax, PTRACE
   328 00000142 0F05                    syscall
   329                                 
   330                                 
   331                                 
   332                                 
   333 00000144 48C7C0BA000000          mov rax, 0x00ba
   334 0000014B 0F05                    syscall
   335 0000014D 488903                  mov [rbx], rax
   336                                 
   337                                 
   338                                 
   339                                 
   340                                 
   341                                 
   342                                 
   343                                 
   344                                 
   345                                 
   346                                 
   347                                 
   348 00000150 488B4308                mov rax, qword[rbx + 8]
   349 00000154 4831C0                  xor rax, rax
   350 00000157 480D01080000            or rax, CREATED
   351 0000015D 488B442420              mov rax, qword[rsp + 32]
   352 00000162 488B4008                mov rax, qword[rax + 8]
   353 00000166 4889DF                  mov rdi, rbx
   354 00000169 FFD0                    call rax
   355                                 
   356                                 
   357                                 
   358                                 
   359                                 thread_lifecycle:
   360                                 
   361                                 
   362                                 
   363                                 
   364                                 
   365                                 thread_finish:
   366                                 
   367 0000016B 4889C7                  mov rdi, rax
   368 0000016E 48C7C03C000000          mov rax, EXIT
   369 00000175 0F05                    syscall
